<?xml version="1.0" encoding="UTF-8"?>
<!-- Generated by org.testng.reporters.JUnitReportReporter -->
<testsuite hostname="DESKTOP-28R41QQ" failures="0" tests="1" name="Pracice.Appium_practice.WiFiSettings" time="2.286" errors="0" timestamp="12 Oct 2023 09:55:35 GMT" skipped="0">
  <testcase classname="Pracice.Appium_practice.WiFiSettings" name="SetupWiFI" time="2.286"/>
</testsuite> <!-- Pracice.Appium_practice.WiFiSettings -->
